<?xml version="1.0" encoding="UTF-8"?>
<testng-results ignored="0" total="1" passed="1" failed="0" skipped="0">
  <reporter-output>
  </reporter-output>
  <suite started-at="2021-03-01T14:41:03 IST" name="Default suite" finished-at="2021-03-01T14:42:51 IST" duration-ms="107772">
    <groups>
    </groups>
    <test started-at="2021-03-01T14:41:03 IST" name="Default test" finished-at="2021-03-01T14:42:51 IST" duration-ms="107772">
      <class name="com.project.swiggy.SwiggyApplication.SeleniumGrid">
        <test-method signature="initialize()[pri:0, instance:com.project.swiggy.SwiggyApplication.SeleniumGrid@6e4784bc]" started-at="2021-03-01T14:41:03 IST" name="initialize" finished-at="2021-03-01T14:42:51 IST" duration-ms="107644" status="PASS">
          <reporter-output>
          </reporter-output>
        </test-method> <!-- initialize -->
      </class> <!-- com.project.swiggy.SwiggyApplication.SeleniumGrid -->
    </test> <!-- Default test -->
  </suite> <!-- Default suite -->
</testng-results>
